2022-01-17 09:27:44.697  INFO 16516 --- [restartedMain] com.bean.search.Startup                  : Starting Startup on Ao-201906271054 with PID 16516 (G:\bean-Search-Util\target\classes started by V in G:\bean-Search-Util)
2022-01-17 09:27:44.704  INFO 16516 --- [restartedMain] com.bean.search.Startup                  : No active profile set, falling back to default profiles: default
2022-01-17 09:27:45.212  INFO 16516 --- [restartedMain] .e.DevToolsPropertyDefaultsPostProcessor : Devtools property defaults active! Set 'spring.devtools.add-properties' to 'false' to disable
2022-01-17 09:27:45.212  INFO 16516 --- [restartedMain] .e.DevToolsPropertyDefaultsPostProcessor : For additional web related logging consider setting the 'logging.level.web' property to 'DEBUG'
2022-01-17 09:27:46.353  WARN 16516 --- [restartedMain] o.m.s.mapper.ClassPathMapperScanner      : No MyBatis mapper was found in '[com.bosssoft.data.analysis.dao]' package. Please check your configuration.
2022-01-17 09:27:46.523  WARN 16516 --- [restartedMain] o.m.s.mapper.ClassPathMapperScanner      : No MyBatis mapper was found in '[com.bean.search]' package. Please check your configuration.
2022-01-17 09:27:46.738  INFO 16516 --- [restartedMain] ptablePropertiesBeanFactoryPostProcessor : Post-processing PropertySource instances
2022-01-17 09:27:46.778  INFO 16516 --- [restartedMain] c.u.j.EncryptablePropertySourceConverter : Converting PropertySource configurationProperties [org.springframework.boot.context.properties.source.ConfigurationPropertySourcesPropertySource] to AOP Proxy
2022-01-17 09:27:46.779  INFO 16516 --- [restartedMain] c.u.j.EncryptablePropertySourceConverter : Converting PropertySource servletConfigInitParams [org.springframework.core.env.PropertySource$StubPropertySource] to EncryptablePropertySourceWrapper
2022-01-17 09:27:46.779  INFO 16516 --- [restartedMain] c.u.j.EncryptablePropertySourceConverter : Converting PropertySource servletContextInitParams [org.springframework.core.env.PropertySource$StubPropertySource] to EncryptablePropertySourceWrapper
2022-01-17 09:27:46.779  INFO 16516 --- [restartedMain] c.u.j.EncryptablePropertySourceConverter : Converting PropertySource systemProperties [org.springframework.core.env.PropertiesPropertySource] to EncryptableMapPropertySourceWrapper
2022-01-17 09:27:46.779  INFO 16516 --- [restartedMain] c.u.j.EncryptablePropertySourceConverter : Converting PropertySource systemEnvironment [org.springframework.boot.env.SystemEnvironmentPropertySourceEnvironmentPostProcessor$OriginAwareSystemEnvironmentPropertySource] to EncryptableMapPropertySourceWrapper
2022-01-17 09:27:46.780  INFO 16516 --- [restartedMain] c.u.j.EncryptablePropertySourceConverter : Converting PropertySource random [org.springframework.boot.env.RandomValuePropertySource] to EncryptablePropertySourceWrapper
2022-01-17 09:27:46.780  INFO 16516 --- [restartedMain] c.u.j.EncryptablePropertySourceConverter : Converting PropertySource applicationConfig: [classpath:/application.properties] [org.springframework.boot.env.OriginTrackedMapPropertySource] to EncryptableMapPropertySourceWrapper
2022-01-17 09:27:46.780  INFO 16516 --- [restartedMain] c.u.j.EncryptablePropertySourceConverter : Converting PropertySource devtools [org.springframework.core.env.MapPropertySource] to EncryptableMapPropertySourceWrapper
2022-01-17 09:27:46.996  INFO 16516 --- [restartedMain] c.u.j.r.DefaultLazyPropertyResolver      : Property Resolver custom Bean not found with name 'encryptablePropertyResolver'. Initializing Default Property Resolver
2022-01-17 09:27:46.997  INFO 16516 --- [restartedMain] c.u.j.d.DefaultLazyPropertyDetector      : Property Detector custom Bean not found with name 'encryptablePropertyDetector'. Initializing Default Property Detector
2022-01-17 09:27:47.445  INFO 16516 --- [restartedMain] o.s.b.w.embedded.tomcat.TomcatWebServer  : Tomcat initialized with port(s): 10015 (http)
2022-01-17 09:27:47.456  INFO 16516 --- [restartedMain] o.apache.catalina.core.StandardService   : Starting service [Tomcat]
2022-01-17 09:27:47.456  INFO 16516 --- [restartedMain] org.apache.catalina.core.StandardEngine  : Starting Servlet engine: [Apache Tomcat/9.0.31]
2022-01-17 09:27:47.605  INFO 16516 --- [restartedMain] o.a.c.c.C.[Tomcat].[localhost].[/]       : Initializing Spring embedded WebApplicationContext
2022-01-17 09:27:47.605  INFO 16516 --- [restartedMain] o.s.web.context.ContextLoader            : Root WebApplicationContext: initialization completed in 2391 ms
2022-01-17 09:27:47.762  WARN 16516 --- [restartedMain] c.a.druid.pool.DruidAbstractDataSource   : oracle.jdbc.driver.OracleDriver is deprecated.Having use oracle.jdbc.OracleDriver.
2022-01-17 09:27:47.943  INFO 16516 --- [restartedMain] o.s.s.concurrent.ThreadPoolTaskExecutor  : Initializing ExecutorService 'applicationTaskExecutor'
2022-01-17 09:27:48.368  INFO 16516 --- [restartedMain] o.s.b.d.a.OptionalLiveReloadServer       : LiveReload server is running on port 35729
2022-01-17 09:27:48.423  INFO 16516 --- [restartedMain] o.s.b.w.embedded.tomcat.TomcatWebServer  : Tomcat started on port(s): 10015 (http) with context path ''
2022-01-17 09:27:48.426  INFO 16516 --- [restartedMain] com.bean.search.Startup                  : Started Startup in 4.472 seconds (JVM running for 6.381)
2022-01-17 09:28:16.026  INFO 16516 --- [http-nio-10015-exec-3] o.a.c.c.C.[Tomcat].[localhost].[/]       : Initializing Spring DispatcherServlet 'dispatcherServlet'
2022-01-17 09:28:16.026  INFO 16516 --- [http-nio-10015-exec-3] o.s.web.servlet.DispatcherServlet        : Initializing Servlet 'dispatcherServlet'
2022-01-17 09:28:16.033  INFO 16516 --- [http-nio-10015-exec-3] o.s.web.servlet.DispatcherServlet        : Completed initialization in 7 ms
2022-01-17 09:28:16.236  INFO 16516 --- [http-nio-10015-exec-3] com.alibaba.druid.pool.DruidDataSource   : {dataSource-1} inited
2022-01-17 09:30:46.742  INFO 16516 --- [SpringContextShutdownHook] o.s.s.concurrent.ThreadPoolTaskExecutor  : Shutting down ExecutorService 'applicationTaskExecutor'
2022-01-17 09:30:46.742  INFO 16516 --- [SpringContextShutdownHook] com.alibaba.druid.pool.DruidDataSource   : {dataSource-1} closing ...
2022-01-17 09:30:46.747  INFO 16516 --- [SpringContextShutdownHook] com.alibaba.druid.pool.DruidDataSource   : {dataSource-1} closed
2022-01-17 09:30:52.706  INFO 9884 --- [restartedMain] com.bean.search.Startup                  : Starting Startup on Ao-201906271054 with PID 9884 (G:\bean-Search-Util\target\classes started by V in G:\bean-Search-Util)
2022-01-17 09:30:52.709  INFO 9884 --- [restartedMain] com.bean.search.Startup                  : No active profile set, falling back to default profiles: default
2022-01-17 09:30:52.754  INFO 9884 --- [restartedMain] .e.DevToolsPropertyDefaultsPostProcessor : Devtools property defaults active! Set 'spring.devtools.add-properties' to 'false' to disable
2022-01-17 09:30:52.754  INFO 9884 --- [restartedMain] .e.DevToolsPropertyDefaultsPostProcessor : For additional web related logging consider setting the 'logging.level.web' property to 'DEBUG'
2022-01-17 09:30:53.195  WARN 9884 --- [restartedMain] o.m.s.mapper.ClassPathMapperScanner      : No MyBatis mapper was found in '[com.bosssoft.data.analysis.dao]' package. Please check your configuration.
2022-01-17 09:30:53.329  WARN 9884 --- [restartedMain] o.m.s.mapper.ClassPathMapperScanner      : No MyBatis mapper was found in '[com.bean.search]' package. Please check your configuration.
2022-01-17 09:30:53.533  INFO 9884 --- [restartedMain] ptablePropertiesBeanFactoryPostProcessor : Post-processing PropertySource instances
2022-01-17 09:30:53.577  INFO 9884 --- [restartedMain] c.u.j.EncryptablePropertySourceConverter : Converting PropertySource configurationProperties [org.springframework.boot.context.properties.source.ConfigurationPropertySourcesPropertySource] to AOP Proxy
2022-01-17 09:30:53.579  INFO 9884 --- [restartedMain] c.u.j.EncryptablePropertySourceConverter : Converting PropertySource servletConfigInitParams [org.springframework.core.env.PropertySource$StubPropertySource] to EncryptablePropertySourceWrapper
2022-01-17 09:30:53.579  INFO 9884 --- [restartedMain] c.u.j.EncryptablePropertySourceConverter : Converting PropertySource servletContextInitParams [org.springframework.core.env.PropertySource$StubPropertySource] to EncryptablePropertySourceWrapper
2022-01-17 09:30:53.580  INFO 9884 --- [restartedMain] c.u.j.EncryptablePropertySourceConverter : Converting PropertySource systemProperties [org.springframework.core.env.PropertiesPropertySource] to EncryptableMapPropertySourceWrapper
2022-01-17 09:30:53.580  INFO 9884 --- [restartedMain] c.u.j.EncryptablePropertySourceConverter : Converting PropertySource systemEnvironment [org.springframework.boot.env.SystemEnvironmentPropertySourceEnvironmentPostProcessor$OriginAwareSystemEnvironmentPropertySource] to EncryptableMapPropertySourceWrapper
2022-01-17 09:30:53.580  INFO 9884 --- [restartedMain] c.u.j.EncryptablePropertySourceConverter : Converting PropertySource random [org.springframework.boot.env.RandomValuePropertySource] to EncryptablePropertySourceWrapper
2022-01-17 09:30:53.580  INFO 9884 --- [restartedMain] c.u.j.EncryptablePropertySourceConverter : Converting PropertySource applicationConfig: [classpath:/application.properties] [org.springframework.boot.env.OriginTrackedMapPropertySource] to EncryptableMapPropertySourceWrapper
2022-01-17 09:30:53.580  INFO 9884 --- [restartedMain] c.u.j.EncryptablePropertySourceConverter : Converting PropertySource devtools [org.springframework.core.env.MapPropertySource] to EncryptableMapPropertySourceWrapper
2022-01-17 09:30:53.723  INFO 9884 --- [restartedMain] c.u.j.r.DefaultLazyPropertyResolver      : Property Resolver custom Bean not found with name 'encryptablePropertyResolver'. Initializing Default Property Resolver
2022-01-17 09:30:53.724  INFO 9884 --- [restartedMain] c.u.j.d.DefaultLazyPropertyDetector      : Property Detector custom Bean not found with name 'encryptablePropertyDetector'. Initializing Default Property Detector
2022-01-17 09:30:53.969  INFO 9884 --- [restartedMain] o.s.b.w.embedded.tomcat.TomcatWebServer  : Tomcat initialized with port(s): 10015 (http)
2022-01-17 09:30:53.978  INFO 9884 --- [restartedMain] o.apache.catalina.core.StandardService   : Starting service [Tomcat]
2022-01-17 09:30:53.978  INFO 9884 --- [restartedMain] org.apache.catalina.core.StandardEngine  : Starting Servlet engine: [Apache Tomcat/9.0.31]
2022-01-17 09:30:54.089  INFO 9884 --- [restartedMain] o.a.c.c.C.[Tomcat].[localhost].[/]       : Initializing Spring embedded WebApplicationContext
2022-01-17 09:30:54.090  INFO 9884 --- [restartedMain] o.s.web.context.ContextLoader            : Root WebApplicationContext: initialization completed in 1336 ms
2022-01-17 09:30:54.190  WARN 9884 --- [restartedMain] c.a.druid.pool.DruidAbstractDataSource   : oracle.jdbc.driver.OracleDriver is deprecated.Having use oracle.jdbc.OracleDriver.
2022-01-17 09:30:54.334  INFO 9884 --- [restartedMain] o.s.s.concurrent.ThreadPoolTaskExecutor  : Initializing ExecutorService 'applicationTaskExecutor'
2022-01-17 09:30:54.665  INFO 9884 --- [restartedMain] o.s.b.d.a.OptionalLiveReloadServer       : LiveReload server is running on port 35729
2022-01-17 09:30:54.700  INFO 9884 --- [restartedMain] o.s.b.w.embedded.tomcat.TomcatWebServer  : Tomcat started on port(s): 10015 (http) with context path ''
2022-01-17 09:30:54.703  INFO 9884 --- [restartedMain] com.bean.search.Startup                  : Started Startup in 2.651 seconds (JVM running for 3.57)
2022-01-17 09:31:00.138  INFO 9884 --- [http-nio-10015-exec-1] o.a.c.c.C.[Tomcat].[localhost].[/]       : Initializing Spring DispatcherServlet 'dispatcherServlet'
2022-01-17 09:31:00.138  INFO 9884 --- [http-nio-10015-exec-1] o.s.web.servlet.DispatcherServlet        : Initializing Servlet 'dispatcherServlet'
2022-01-17 09:31:00.143  INFO 9884 --- [http-nio-10015-exec-1] o.s.web.servlet.DispatcherServlet        : Completed initialization in 5 ms
2022-01-17 09:31:00.199  INFO 9884 --- [http-nio-10015-exec-1] com.alibaba.druid.pool.DruidDataSource   : {dataSource-1} inited
2022-01-17 09:31:37.694  INFO 9884 --- [SpringContextShutdownHook] o.s.s.concurrent.ThreadPoolTaskExecutor  : Shutting down ExecutorService 'applicationTaskExecutor'
2022-01-17 09:31:37.694  INFO 9884 --- [SpringContextShutdownHook] com.alibaba.druid.pool.DruidDataSource   : {dataSource-1} closing ...
2022-01-17 09:31:37.699  INFO 9884 --- [SpringContextShutdownHook] com.alibaba.druid.pool.DruidDataSource   : {dataSource-1} closed
2022-01-17 09:31:41.945  INFO 13268 --- [restartedMain] com.bean.search.Startup                  : Starting Startup on Ao-201906271054 with PID 13268 (G:\bean-Search-Util\target\classes started by V in G:\bean-Search-Util)
2022-01-17 09:31:41.948  INFO 13268 --- [restartedMain] com.bean.search.Startup                  : No active profile set, falling back to default profiles: default
2022-01-17 09:31:41.992  INFO 13268 --- [restartedMain] .e.DevToolsPropertyDefaultsPostProcessor : Devtools property defaults active! Set 'spring.devtools.add-properties' to 'false' to disable
2022-01-17 09:31:41.993  INFO 13268 --- [restartedMain] .e.DevToolsPropertyDefaultsPostProcessor : For additional web related logging consider setting the 'logging.level.web' property to 'DEBUG'
2022-01-17 09:31:42.470  WARN 13268 --- [restartedMain] o.m.s.mapper.ClassPathMapperScanner      : No MyBatis mapper was found in '[com.bosssoft.data.analysis.dao]' package. Please check your configuration.
2022-01-17 09:31:42.632  WARN 13268 --- [restartedMain] o.m.s.mapper.ClassPathMapperScanner      : No MyBatis mapper was found in '[com.bean.search]' package. Please check your configuration.
2022-01-17 09:31:42.849  INFO 13268 --- [restartedMain] ptablePropertiesBeanFactoryPostProcessor : Post-processing PropertySource instances
2022-01-17 09:31:42.889  INFO 13268 --- [restartedMain] c.u.j.EncryptablePropertySourceConverter : Converting PropertySource configurationProperties [org.springframework.boot.context.properties.source.ConfigurationPropertySourcesPropertySource] to AOP Proxy
2022-01-17 09:31:42.890  INFO 13268 --- [restartedMain] c.u.j.EncryptablePropertySourceConverter : Converting PropertySource servletConfigInitParams [org.springframework.core.env.PropertySource$StubPropertySource] to EncryptablePropertySourceWrapper
2022-01-17 09:31:42.890  INFO 13268 --- [restartedMain] c.u.j.EncryptablePropertySourceConverter : Converting PropertySource servletContextInitParams [org.springframework.core.env.PropertySource$StubPropertySource] to EncryptablePropertySourceWrapper
2022-01-17 09:31:42.891  INFO 13268 --- [restartedMain] c.u.j.EncryptablePropertySourceConverter : Converting PropertySource systemProperties [org.springframework.core.env.PropertiesPropertySource] to EncryptableMapPropertySourceWrapper
2022-01-17 09:31:42.891  INFO 13268 --- [restartedMain] c.u.j.EncryptablePropertySourceConverter : Converting PropertySource systemEnvironment [org.springframework.boot.env.SystemEnvironmentPropertySourceEnvironmentPostProcessor$OriginAwareSystemEnvironmentPropertySource] to EncryptableMapPropertySourceWrapper
2022-01-17 09:31:42.891  INFO 13268 --- [restartedMain] c.u.j.EncryptablePropertySourceConverter : Converting PropertySource random [org.springframework.boot.env.RandomValuePropertySource] to EncryptablePropertySourceWrapper
2022-01-17 09:31:42.891  INFO 13268 --- [restartedMain] c.u.j.EncryptablePropertySourceConverter : Converting PropertySource applicationConfig: [classpath:/application.properties] [org.springframework.boot.env.OriginTrackedMapPropertySource] to EncryptableMapPropertySourceWrapper
2022-01-17 09:31:42.891  INFO 13268 --- [restartedMain] c.u.j.EncryptablePropertySourceConverter : Converting PropertySource devtools [org.springframework.core.env.MapPropertySource] to EncryptableMapPropertySourceWrapper
2022-01-17 09:31:43.008  INFO 13268 --- [restartedMain] c.u.j.r.DefaultLazyPropertyResolver      : Property Resolver custom Bean not found with name 'encryptablePropertyResolver'. Initializing Default Property Resolver
2022-01-17 09:31:43.009  INFO 13268 --- [restartedMain] c.u.j.d.DefaultLazyPropertyDetector      : Property Detector custom Bean not found with name 'encryptablePropertyDetector'. Initializing Default Property Detector
2022-01-17 09:31:43.249  INFO 13268 --- [restartedMain] o.s.b.w.embedded.tomcat.TomcatWebServer  : Tomcat initialized with port(s): 10015 (http)
2022-01-17 09:31:43.259  INFO 13268 --- [restartedMain] o.apache.catalina.core.StandardService   : Starting service [Tomcat]
2022-01-17 09:31:43.259  INFO 13268 --- [restartedMain] org.apache.catalina.core.StandardEngine  : Starting Servlet engine: [Apache Tomcat/9.0.31]
2022-01-17 09:31:43.363  INFO 13268 --- [restartedMain] o.a.c.c.C.[Tomcat].[localhost].[/]       : Initializing Spring embedded WebApplicationContext
2022-01-17 09:31:43.364  INFO 13268 --- [restartedMain] o.s.web.context.ContextLoader            : Root WebApplicationContext: initialization completed in 1371 ms
2022-01-17 09:31:43.455  WARN 13268 --- [restartedMain] c.a.druid.pool.DruidAbstractDataSource   : oracle.jdbc.driver.OracleDriver is deprecated.Having use oracle.jdbc.OracleDriver.
2022-01-17 09:31:43.588  INFO 13268 --- [restartedMain] o.s.s.concurrent.ThreadPoolTaskExecutor  : Initializing ExecutorService 'applicationTaskExecutor'
2022-01-17 09:31:43.918  INFO 13268 --- [restartedMain] o.s.b.d.a.OptionalLiveReloadServer       : LiveReload server is running on port 35729
2022-01-17 09:31:43.953  INFO 13268 --- [restartedMain] o.s.b.w.embedded.tomcat.TomcatWebServer  : Tomcat started on port(s): 10015 (http) with context path ''
2022-01-17 09:31:43.956  INFO 13268 --- [restartedMain] com.bean.search.Startup                  : Started Startup in 2.394 seconds (JVM running for 3.459)
2022-01-17 09:31:46.122  INFO 13268 --- [http-nio-10015-exec-1] o.a.c.c.C.[Tomcat].[localhost].[/]       : Initializing Spring DispatcherServlet 'dispatcherServlet'
2022-01-17 09:31:46.122  INFO 13268 --- [http-nio-10015-exec-1] o.s.web.servlet.DispatcherServlet        : Initializing Servlet 'dispatcherServlet'
2022-01-17 09:31:46.127  INFO 13268 --- [http-nio-10015-exec-1] o.s.web.servlet.DispatcherServlet        : Completed initialization in 5 ms
2022-01-17 09:31:46.182  INFO 13268 --- [http-nio-10015-exec-1] com.alibaba.druid.pool.DruidDataSource   : {dataSource-1} inited
2022-01-17 09:31:46.622 ERROR 13268 --- [http-nio-10015-exec-1] o.a.c.c.C.[.[.[/].[dispatcherServlet]    : Servlet.service() for servlet [dispatcherServlet] in context with path [] threw exception [Request processing failed; nested exception is com.bean.search.exception.SearchException: A exception occurred when query!] with root cause

java.sql.SQLSyntaxErrorException: ORA-00933: SQL 命令未正确结束

	at oracle.jdbc.driver.T4CTTIoer.processError(T4CTTIoer.java:439) ~[ojdbc6-11.2.0.1.0.jar:11.2.0.1.0]
	at oracle.jdbc.driver.T4CTTIoer.processError(T4CTTIoer.java:395) ~[ojdbc6-11.2.0.1.0.jar:11.2.0.1.0]
	at oracle.jdbc.driver.T4C8Oall.processError(T4C8Oall.java:802) ~[ojdbc6-11.2.0.1.0.jar:11.2.0.1.0]
	at oracle.jdbc.driver.T4CTTIfun.receive(T4CTTIfun.java:436) ~[ojdbc6-11.2.0.1.0.jar:11.2.0.1.0]
	at oracle.jdbc.driver.T4CTTIfun.doRPC(T4CTTIfun.java:186) ~[ojdbc6-11.2.0.1.0.jar:11.2.0.1.0]
	at oracle.jdbc.driver.T4C8Oall.doOALL(T4C8Oall.java:521) ~[ojdbc6-11.2.0.1.0.jar:11.2.0.1.0]
	at oracle.jdbc.driver.T4CPreparedStatement.doOall8(T4CPreparedStatement.java:205) ~[ojdbc6-11.2.0.1.0.jar:11.2.0.1.0]
	at oracle.jdbc.driver.T4CPreparedStatement.executeForDescribe(T4CPreparedStatement.java:861) ~[ojdbc6-11.2.0.1.0.jar:11.2.0.1.0]
	at oracle.jdbc.driver.OracleStatement.executeMaybeDescribe(OracleStatement.java:1145) ~[ojdbc6-11.2.0.1.0.jar:11.2.0.1.0]
	at oracle.jdbc.driver.OracleStatement.doExecuteWithTimeout(OracleStatement.java:1267) ~[ojdbc6-11.2.0.1.0.jar:11.2.0.1.0]
	at oracle.jdbc.driver.OraclePreparedStatement.executeInternal(OraclePreparedStatement.java:3449) ~[ojdbc6-11.2.0.1.0.jar:11.2.0.1.0]
	at oracle.jdbc.driver.OraclePreparedStatement.executeQuery(OraclePreparedStatement.java:3493) ~[ojdbc6-11.2.0.1.0.jar:11.2.0.1.0]
	at oracle.jdbc.driver.OraclePreparedStatementWrapper.executeQuery(OraclePreparedStatementWrapper.java:1491) ~[ojdbc6-11.2.0.1.0.jar:11.2.0.1.0]
	at com.alibaba.druid.pool.DruidPooledPreparedStatement.executeQuery(DruidPooledPreparedStatement.java:227) ~[druid-1.1.17.jar:1.1.17]
	at com.bean.search.service.Impl.DefaultSqlExecutor.executeListSqlAndCollectResult(DefaultSqlExecutor.java:165) ~[classes/:na]
	at com.bean.search.service.Impl.DefaultSqlExecutor.doExecute(DefaultSqlExecutor.java:130) ~[classes/:na]
	at com.bean.search.service.Impl.DefaultSqlExecutor.execute(DefaultSqlExecutor.java:75) ~[classes/:na]
	at com.bean.search.service.Impl.AbstractSearcher.doSearch(AbstractSearcher.java:109) ~[classes/:na]
	at com.bean.search.service.Impl.DefaultBeanSearcher.search(DefaultBeanSearcher.java:83) ~[classes/:na]
	at com.bean.search.service.Impl.DefaultBeanSearcher.search(DefaultBeanSearcher.java:49) ~[classes/:na]
	at com.bean.search.web.demoController.index2(demoController.java:42) ~[classes/:na]
	at sun.reflect.NativeMethodAccessorImpl.invoke0(Native Method) ~[na:1.8.0_141]
	at sun.reflect.NativeMethodAccessorImpl.invoke(NativeMethodAccessorImpl.java:62) ~[na:1.8.0_141]
	at sun.reflect.DelegatingMethodAccessorImpl.invoke(DelegatingMethodAccessorImpl.java:43) ~[na:1.8.0_141]
	at java.lang.reflect.Method.invoke(Method.java:498) ~[na:1.8.0_141]
	at org.springframework.web.method.support.InvocableHandlerMethod.doInvoke(InvocableHandlerMethod.java:190) ~[spring-web-5.2.4.RELEASE.jar:5.2.4.RELEASE]
	at org.springframework.web.method.support.InvocableHandlerMethod.invokeForRequest(InvocableHandlerMethod.java:138) ~[spring-web-5.2.4.RELEASE.jar:5.2.4.RELEASE]
	at org.springframework.web.servlet.mvc.method.annotation.ServletInvocableHandlerMethod.invokeAndHandle(ServletInvocableHandlerMethod.java:106) ~[spring-webmvc-5.2.4.RELEASE.jar:5.2.4.RELEASE]
	at org.springframework.web.servlet.mvc.method.annotation.RequestMappingHandlerAdapter.invokeHandlerMethod(RequestMappingHandlerAdapter.java:879) ~[spring-webmvc-5.2.4.RELEASE.jar:5.2.4.RELEASE]
	at org.springframework.web.servlet.mvc.method.annotation.RequestMappingHandlerAdapter.handleInternal(RequestMappingHandlerAdapter.java:793) ~[spring-webmvc-5.2.4.RELEASE.jar:5.2.4.RELEASE]
	at org.springframework.web.servlet.mvc.method.AbstractHandlerMethodAdapter.handle(AbstractHandlerMethodAdapter.java:87) ~[spring-webmvc-5.2.4.RELEASE.jar:5.2.4.RELEASE]
	at org.springframework.web.servlet.DispatcherServlet.doDispatch(DispatcherServlet.java:1040) ~[spring-webmvc-5.2.4.RELEASE.jar:5.2.4.RELEASE]
	at org.springframework.web.servlet.DispatcherServlet.doService(DispatcherServlet.java:943) ~[spring-webmvc-5.2.4.RELEASE.jar:5.2.4.RELEASE]
	at org.springframework.web.servlet.FrameworkServlet.processRequest(FrameworkServlet.java:1006) ~[spring-webmvc-5.2.4.RELEASE.jar:5.2.4.RELEASE]
	at org.springframework.web.servlet.FrameworkServlet.doGet(FrameworkServlet.java:898) ~[spring-webmvc-5.2.4.RELEASE.jar:5.2.4.RELEASE]
	at javax.servlet.http.HttpServlet.service(HttpServlet.java:634) ~[tomcat-embed-core-9.0.31.jar:9.0.31]
	at org.springframework.web.servlet.FrameworkServlet.service(FrameworkServlet.java:883) ~[spring-webmvc-5.2.4.RELEASE.jar:5.2.4.RELEASE]
	at javax.servlet.http.HttpServlet.service(HttpServlet.java:741) ~[tomcat-embed-core-9.0.31.jar:9.0.31]
	at org.apache.catalina.core.ApplicationFilterChain.internalDoFilter(ApplicationFilterChain.java:231) ~[tomcat-embed-core-9.0.31.jar:9.0.31]
	at org.apache.catalina.core.ApplicationFilterChain.doFilter(ApplicationFilterChain.java:166) ~[tomcat-embed-core-9.0.31.jar:9.0.31]
	at org.apache.tomcat.websocket.server.WsFilter.doFilter(WsFilter.java:53) ~[tomcat-embed-websocket-9.0.31.jar:9.0.31]
	at org.apache.catalina.core.ApplicationFilterChain.internalDoFilter(ApplicationFilterChain.java:193) ~[tomcat-embed-core-9.0.31.jar:9.0.31]
	at org.apache.catalina.core.ApplicationFilterChain.doFilter(ApplicationFilterChain.java:166) ~[tomcat-embed-core-9.0.31.jar:9.0.31]
	at org.springframework.web.filter.RequestContextFilter.doFilterInternal(RequestContextFilter.java:100) ~[spring-web-5.2.4.RELEASE.jar:5.2.4.RELEASE]
	at org.springframework.web.filter.OncePerRequestFilter.doFilter(OncePerRequestFilter.java:119) ~[spring-web-5.2.4.RELEASE.jar:5.2.4.RELEASE]
	at org.apache.catalina.core.ApplicationFilterChain.internalDoFilter(ApplicationFilterChain.java:193) ~[tomcat-embed-core-9.0.31.jar:9.0.31]
	at org.apache.catalina.core.ApplicationFilterChain.doFilter(ApplicationFilterChain.java:166) ~[tomcat-embed-core-9.0.31.jar:9.0.31]
	at org.springframework.web.filter.FormContentFilter.doFilterInternal(FormContentFilter.java:93) ~[spring-web-5.2.4.RELEASE.jar:5.2.4.RELEASE]
	at org.springframework.web.filter.OncePerRequestFilter.doFilter(OncePerRequestFilter.java:119) ~[spring-web-5.2.4.RELEASE.jar:5.2.4.RELEASE]
	at org.apache.catalina.core.ApplicationFilterChain.internalDoFilter(ApplicationFilterChain.java:193) ~[tomcat-embed-core-9.0.31.jar:9.0.31]
	at org.apache.catalina.core.ApplicationFilterChain.doFilter(ApplicationFilterChain.java:166) ~[tomcat-embed-core-9.0.31.jar:9.0.31]
	at org.springframework.web.filter.CharacterEncodingFilter.doFilterInternal(CharacterEncodingFilter.java:201) ~[spring-web-5.2.4.RELEASE.jar:5.2.4.RELEASE]
	at org.springframework.web.filter.OncePerRequestFilter.doFilter(OncePerRequestFilter.java:119) ~[spring-web-5.2.4.RELEASE.jar:5.2.4.RELEASE]
	at org.apache.catalina.core.ApplicationFilterChain.internalDoFilter(ApplicationFilterChain.java:193) ~[tomcat-embed-core-9.0.31.jar:9.0.31]
	at org.apache.catalina.core.ApplicationFilterChain.doFilter(ApplicationFilterChain.java:166) ~[tomcat-embed-core-9.0.31.jar:9.0.31]
	at org.apache.catalina.core.StandardWrapperValve.invoke(StandardWrapperValve.java:202) ~[tomcat-embed-core-9.0.31.jar:9.0.31]
	at org.apache.catalina.core.StandardContextValve.invoke(StandardContextValve.java:96) [tomcat-embed-core-9.0.31.jar:9.0.31]
	at org.apache.catalina.authenticator.AuthenticatorBase.invoke(AuthenticatorBase.java:541) [tomcat-embed-core-9.0.31.jar:9.0.31]
	at org.apache.catalina.core.StandardHostValve.invoke(StandardHostValve.java:139) [tomcat-embed-core-9.0.31.jar:9.0.31]
	at org.apache.catalina.valves.ErrorReportValve.invoke(ErrorReportValve.java:92) [tomcat-embed-core-9.0.31.jar:9.0.31]
	at org.apache.catalina.core.StandardEngineValve.invoke(StandardEngineValve.java:74) [tomcat-embed-core-9.0.31.jar:9.0.31]
	at org.apache.catalina.connector.CoyoteAdapter.service(CoyoteAdapter.java:343) [tomcat-embed-core-9.0.31.jar:9.0.31]
	at org.apache.coyote.http11.Http11Processor.service(Http11Processor.java:367) [tomcat-embed-core-9.0.31.jar:9.0.31]
	at org.apache.coyote.AbstractProcessorLight.process(AbstractProcessorLight.java:65) [tomcat-embed-core-9.0.31.jar:9.0.31]
	at org.apache.coyote.AbstractProtocol$ConnectionHandler.process(AbstractProtocol.java:868) [tomcat-embed-core-9.0.31.jar:9.0.31]
	at org.apache.tomcat.util.net.NioEndpoint$SocketProcessor.doRun(NioEndpoint.java:1639) [tomcat-embed-core-9.0.31.jar:9.0.31]
	at org.apache.tomcat.util.net.SocketProcessorBase.run(SocketProcessorBase.java:49) [tomcat-embed-core-9.0.31.jar:9.0.31]
	at java.util.concurrent.ThreadPoolExecutor.runWorker(ThreadPoolExecutor.java:1149) [na:1.8.0_141]
	at java.util.concurrent.ThreadPoolExecutor$Worker.run(ThreadPoolExecutor.java:624) [na:1.8.0_141]
	at org.apache.tomcat.util.threads.TaskThread$WrappingRunnable.run(TaskThread.java:61) [tomcat-embed-core-9.0.31.jar:9.0.31]
	at java.lang.Thread.run(Thread.java:748) [na:1.8.0_141]

2022-01-17 09:32:00.800  INFO 13268 --- [SpringContextShutdownHook] o.s.s.concurrent.ThreadPoolTaskExecutor  : Shutting down ExecutorService 'applicationTaskExecutor'
2022-01-17 09:32:00.801  INFO 13268 --- [SpringContextShutdownHook] com.alibaba.druid.pool.DruidDataSource   : {dataSource-1} closing ...
2022-01-17 09:32:00.809  INFO 13268 --- [SpringContextShutdownHook] com.alibaba.druid.pool.DruidDataSource   : {dataSource-1} closed
2022-01-17 09:32:04.477  INFO 4380 --- [restartedMain] com.bean.search.Startup                  : Starting Startup on Ao-201906271054 with PID 4380 (G:\bean-Search-Util\target\classes started by V in G:\bean-Search-Util)
2022-01-17 09:32:04.480  INFO 4380 --- [restartedMain] com.bean.search.Startup                  : No active profile set, falling back to default profiles: default
2022-01-17 09:32:04.534  INFO 4380 --- [restartedMain] .e.DevToolsPropertyDefaultsPostProcessor : Devtools property defaults active! Set 'spring.devtools.add-properties' to 'false' to disable
2022-01-17 09:32:04.534  INFO 4380 --- [restartedMain] .e.DevToolsPropertyDefaultsPostProcessor : For additional web related logging consider setting the 'logging.level.web' property to 'DEBUG'
2022-01-17 09:32:05.001  WARN 4380 --- [restartedMain] o.m.s.mapper.ClassPathMapperScanner      : No MyBatis mapper was found in '[com.bosssoft.data.analysis.dao]' package. Please check your configuration.
2022-01-17 09:32:05.140  WARN 4380 --- [restartedMain] o.m.s.mapper.ClassPathMapperScanner      : No MyBatis mapper was found in '[com.bean.search]' package. Please check your configuration.
2022-01-17 09:32:05.352  INFO 4380 --- [restartedMain] ptablePropertiesBeanFactoryPostProcessor : Post-processing PropertySource instances
2022-01-17 09:32:05.397  INFO 4380 --- [restartedMain] c.u.j.EncryptablePropertySourceConverter : Converting PropertySource configurationProperties [org.springframework.boot.context.properties.source.ConfigurationPropertySourcesPropertySource] to AOP Proxy
2022-01-17 09:32:05.398  INFO 4380 --- [restartedMain] c.u.j.EncryptablePropertySourceConverter : Converting PropertySource servletConfigInitParams [org.springframework.core.env.PropertySource$StubPropertySource] to EncryptablePropertySourceWrapper
2022-01-17 09:32:05.399  INFO 4380 --- [restartedMain] c.u.j.EncryptablePropertySourceConverter : Converting PropertySource servletContextInitParams [org.springframework.core.env.PropertySource$StubPropertySource] to EncryptablePropertySourceWrapper
2022-01-17 09:32:05.399  INFO 4380 --- [restartedMain] c.u.j.EncryptablePropertySourceConverter : Converting PropertySource systemProperties [org.springframework.core.env.PropertiesPropertySource] to EncryptableMapPropertySourceWrapper
2022-01-17 09:32:05.399  INFO 4380 --- [restartedMain] c.u.j.EncryptablePropertySourceConverter : Converting PropertySource systemEnvironment [org.springframework.boot.env.SystemEnvironmentPropertySourceEnvironmentPostProcessor$OriginAwareSystemEnvironmentPropertySource] to EncryptableMapPropertySourceWrapper
2022-01-17 09:32:05.399  INFO 4380 --- [restartedMain] c.u.j.EncryptablePropertySourceConverter : Converting PropertySource random [org.springframework.boot.env.RandomValuePropertySource] to EncryptablePropertySourceWrapper
2022-01-17 09:32:05.399  INFO 4380 --- [restartedMain] c.u.j.EncryptablePropertySourceConverter : Converting PropertySource applicationConfig: [classpath:/application.properties] [org.springframework.boot.env.OriginTrackedMapPropertySource] to EncryptableMapPropertySourceWrapper
2022-01-17 09:32:05.399  INFO 4380 --- [restartedMain] c.u.j.EncryptablePropertySourceConverter : Converting PropertySource devtools [org.springframework.core.env.MapPropertySource] to EncryptableMapPropertySourceWrapper
2022-01-17 09:32:05.538  INFO 4380 --- [restartedMain] c.u.j.r.DefaultLazyPropertyResolver      : Property Resolver custom Bean not found with name 'encryptablePropertyResolver'. Initializing Default Property Resolver
2022-01-17 09:32:05.540  INFO 4380 --- [restartedMain] c.u.j.d.DefaultLazyPropertyDetector      : Property Detector custom Bean not found with name 'encryptablePropertyDetector'. Initializing Default Property Detector
2022-01-17 09:32:05.825  INFO 4380 --- [restartedMain] o.s.b.w.embedded.tomcat.TomcatWebServer  : Tomcat initialized with port(s): 10015 (http)
2022-01-17 09:32:05.834  INFO 4380 --- [restartedMain] o.apache.catalina.core.StandardService   : Starting service [Tomcat]
2022-01-17 09:32:05.835  INFO 4380 --- [restartedMain] org.apache.catalina.core.StandardEngine  : Starting Servlet engine: [Apache Tomcat/9.0.31]
2022-01-17 09:32:05.945  INFO 4380 --- [restartedMain] o.a.c.c.C.[Tomcat].[localhost].[/]       : Initializing Spring embedded WebApplicationContext
2022-01-17 09:32:05.945  INFO 4380 --- [restartedMain] o.s.web.context.ContextLoader            : Root WebApplicationContext: initialization completed in 1403 ms
2022-01-17 09:32:06.038  WARN 4380 --- [restartedMain] c.a.druid.pool.DruidAbstractDataSource   : oracle.jdbc.driver.OracleDriver is deprecated.Having use oracle.jdbc.OracleDriver.
2022-01-17 09:32:06.176  INFO 4380 --- [restartedMain] o.s.s.concurrent.ThreadPoolTaskExecutor  : Initializing ExecutorService 'applicationTaskExecutor'
2022-01-17 09:32:06.525  INFO 4380 --- [restartedMain] o.s.b.d.a.OptionalLiveReloadServer       : LiveReload server is running on port 35729
2022-01-17 09:32:06.564  INFO 4380 --- [restartedMain] o.s.b.w.embedded.tomcat.TomcatWebServer  : Tomcat started on port(s): 10015 (http) with context path ''
2022-01-17 09:32:06.567  INFO 4380 --- [restartedMain] com.bean.search.Startup                  : Started Startup in 2.494 seconds (JVM running for 3.393)
2022-01-17 09:32:08.311  INFO 4380 --- [http-nio-10015-exec-2] o.a.c.c.C.[Tomcat].[localhost].[/]       : Initializing Spring DispatcherServlet 'dispatcherServlet'
2022-01-17 09:32:08.311  INFO 4380 --- [http-nio-10015-exec-2] o.s.web.servlet.DispatcherServlet        : Initializing Servlet 'dispatcherServlet'
2022-01-17 09:32:08.315  INFO 4380 --- [http-nio-10015-exec-2] o.s.web.servlet.DispatcherServlet        : Completed initialization in 4 ms
2022-01-17 09:32:08.371  INFO 4380 --- [http-nio-10015-exec-2] com.alibaba.druid.pool.DruidDataSource   : {dataSource-1} inited
2022-01-17 14:39:31.283  INFO 4380 --- [SpringContextShutdownHook] o.s.s.concurrent.ThreadPoolTaskExecutor  : Shutting down ExecutorService 'applicationTaskExecutor'
2022-01-17 14:39:31.284  INFO 4380 --- [SpringContextShutdownHook] com.alibaba.druid.pool.DruidDataSource   : {dataSource-1} closing ...
2022-01-17 14:39:31.289  INFO 4380 --- [SpringContextShutdownHook] com.alibaba.druid.pool.DruidDataSource   : {dataSource-1} closed
2022-01-17 14:39:39.124  INFO 15292 --- [restartedMain] com.bean.search.Startup                  : Starting Startup on Ao-201906271054 with PID 15292 (G:\bean-Search-Util\target\classes started by V in G:\bean-Search-Util)
2022-01-17 14:39:39.127  INFO 15292 --- [restartedMain] com.bean.search.Startup                  : No active profile set, falling back to default profiles: default
2022-01-17 14:39:39.197  INFO 15292 --- [restartedMain] .e.DevToolsPropertyDefaultsPostProcessor : Devtools property defaults active! Set 'spring.devtools.add-properties' to 'false' to disable
2022-01-17 14:39:39.197  INFO 15292 --- [restartedMain] .e.DevToolsPropertyDefaultsPostProcessor : For additional web related logging consider setting the 'logging.level.web' property to 'DEBUG'
2022-01-17 14:39:40.487  WARN 15292 --- [restartedMain] o.m.s.mapper.ClassPathMapperScanner      : No MyBatis mapper was found in '[com.bosssoft.data.analysis.dao]' package. Please check your configuration.
2022-01-17 14:39:40.669  WARN 15292 --- [restartedMain] o.m.s.mapper.ClassPathMapperScanner      : No MyBatis mapper was found in '[com.bean.search]' package. Please check your configuration.
2022-01-17 14:39:40.912  INFO 15292 --- [restartedMain] ptablePropertiesBeanFactoryPostProcessor : Post-processing PropertySource instances
2022-01-17 14:39:40.958  INFO 15292 --- [restartedMain] c.u.j.EncryptablePropertySourceConverter : Converting PropertySource configurationProperties [org.springframework.boot.context.properties.source.ConfigurationPropertySourcesPropertySource] to AOP Proxy
2022-01-17 14:39:40.959  INFO 15292 --- [restartedMain] c.u.j.EncryptablePropertySourceConverter : Converting PropertySource servletConfigInitParams [org.springframework.core.env.PropertySource$StubPropertySource] to EncryptablePropertySourceWrapper
2022-01-17 14:39:40.959  INFO 15292 --- [restartedMain] c.u.j.EncryptablePropertySourceConverter : Converting PropertySource servletContextInitParams [org.springframework.core.env.PropertySource$StubPropertySource] to EncryptablePropertySourceWrapper
2022-01-17 14:39:40.960  INFO 15292 --- [restartedMain] c.u.j.EncryptablePropertySourceConverter : Converting PropertySource systemProperties [org.springframework.core.env.PropertiesPropertySource] to EncryptableMapPropertySourceWrapper
2022-01-17 14:39:40.960  INFO 15292 --- [restartedMain] c.u.j.EncryptablePropertySourceConverter : Converting PropertySource systemEnvironment [org.springframework.boot.env.SystemEnvironmentPropertySourceEnvironmentPostProcessor$OriginAwareSystemEnvironmentPropertySource] to EncryptableMapPropertySourceWrapper
2022-01-17 14:39:40.960  INFO 15292 --- [restartedMain] c.u.j.EncryptablePropertySourceConverter : Converting PropertySource random [org.springframework.boot.env.RandomValuePropertySource] to EncryptablePropertySourceWrapper
2022-01-17 14:39:40.960  INFO 15292 --- [restartedMain] c.u.j.EncryptablePropertySourceConverter : Converting PropertySource applicationConfig: [classpath:/application.properties] [org.springframework.boot.env.OriginTrackedMapPropertySource] to EncryptableMapPropertySourceWrapper
2022-01-17 14:39:40.960  INFO 15292 --- [restartedMain] c.u.j.EncryptablePropertySourceConverter : Converting PropertySource devtools [org.springframework.core.env.MapPropertySource] to EncryptableMapPropertySourceWrapper
2022-01-17 14:39:41.208  INFO 15292 --- [restartedMain] c.u.j.r.DefaultLazyPropertyResolver      : Property Resolver custom Bean not found with name 'encryptablePropertyResolver'. Initializing Default Property Resolver
2022-01-17 14:39:41.210  INFO 15292 --- [restartedMain] c.u.j.d.DefaultLazyPropertyDetector      : Property Detector custom Bean not found with name 'encryptablePropertyDetector'. Initializing Default Property Detector
2022-01-17 14:39:41.583  INFO 15292 --- [restartedMain] o.s.b.w.embedded.tomcat.TomcatWebServer  : Tomcat initialized with port(s): 10015 (http)
2022-01-17 14:39:41.595  INFO 15292 --- [restartedMain] o.apache.catalina.core.StandardService   : Starting service [Tomcat]
2022-01-17 14:39:41.595  INFO 15292 --- [restartedMain] org.apache.catalina.core.StandardEngine  : Starting Servlet engine: [Apache Tomcat/9.0.31]
2022-01-17 14:39:41.744  INFO 15292 --- [restartedMain] o.a.c.c.C.[Tomcat].[localhost].[/]       : Initializing Spring embedded WebApplicationContext
2022-01-17 14:39:41.744  INFO 15292 --- [restartedMain] o.s.web.context.ContextLoader            : Root WebApplicationContext: initialization completed in 2547 ms
2022-01-17 14:39:41.914  WARN 15292 --- [restartedMain] c.a.druid.pool.DruidAbstractDataSource   : oracle.jdbc.driver.OracleDriver is deprecated.Having use oracle.jdbc.OracleDriver.
2022-01-17 14:39:42.050  INFO 15292 --- [restartedMain] o.s.s.concurrent.ThreadPoolTaskExecutor  : Initializing ExecutorService 'applicationTaskExecutor'
2022-01-17 14:39:42.423  INFO 15292 --- [restartedMain] o.s.b.d.a.OptionalLiveReloadServer       : LiveReload server is running on port 35729
2022-01-17 14:39:42.470  INFO 15292 --- [restartedMain] o.s.b.w.embedded.tomcat.TomcatWebServer  : Tomcat started on port(s): 10015 (http) with context path ''
2022-01-17 14:39:42.473  INFO 15292 --- [restartedMain] com.bean.search.Startup                  : Started Startup in 3.866 seconds (JVM running for 5.295)
2022-01-17 14:40:07.983  INFO 15292 --- [http-nio-10015-exec-2] o.a.c.c.C.[Tomcat].[localhost].[/]       : Initializing Spring DispatcherServlet 'dispatcherServlet'
2022-01-17 14:40:07.984  INFO 15292 --- [http-nio-10015-exec-2] o.s.web.servlet.DispatcherServlet        : Initializing Servlet 'dispatcherServlet'
2022-01-17 14:40:07.991  INFO 15292 --- [http-nio-10015-exec-2] o.s.web.servlet.DispatcherServlet        : Completed initialization in 7 ms
2022-01-17 14:58:09.695  INFO 15292 --- [http-nio-10015-exec-2] com.alibaba.druid.pool.DruidDataSource   : {dataSource-1} inited
2022-01-17 17:24:19.846  INFO 15292 --- [SpringContextShutdownHook] o.s.s.concurrent.ThreadPoolTaskExecutor  : Shutting down ExecutorService 'applicationTaskExecutor'
2022-01-17 17:24:19.851  INFO 15292 --- [SpringContextShutdownHook] com.alibaba.druid.pool.DruidDataSource   : {dataSource-1} closing ...
2022-01-17 17:24:19.872  INFO 15292 --- [SpringContextShutdownHook] com.alibaba.druid.pool.DruidDataSource   : {dataSource-1} closed
2022-01-17 17:24:27.754  INFO 12268 --- [restartedMain] com.bean.search.Startup                  : Starting Startup on Ao-201906271054 with PID 12268 (G:\bean-Search-Util\target\classes started by V in G:\bean-Search-Util)
2022-01-17 17:24:27.756  INFO 12268 --- [restartedMain] com.bean.search.Startup                  : No active profile set, falling back to default profiles: default
2022-01-17 17:24:27.838  INFO 12268 --- [restartedMain] .e.DevToolsPropertyDefaultsPostProcessor : Devtools property defaults active! Set 'spring.devtools.add-properties' to 'false' to disable
2022-01-17 17:24:27.838  INFO 12268 --- [restartedMain] .e.DevToolsPropertyDefaultsPostProcessor : For additional web related logging consider setting the 'logging.level.web' property to 'DEBUG'
2022-01-17 17:24:29.157  WARN 12268 --- [restartedMain] o.m.s.mapper.ClassPathMapperScanner      : No MyBatis mapper was found in '[com.bosssoft.data.analysis.dao]' package. Please check your configuration.
2022-01-17 17:24:29.326  WARN 12268 --- [restartedMain] o.m.s.mapper.ClassPathMapperScanner      : No MyBatis mapper was found in '[com.bean.search]' package. Please check your configuration.
2022-01-17 17:24:29.587  INFO 12268 --- [restartedMain] ptablePropertiesBeanFactoryPostProcessor : Post-processing PropertySource instances
2022-01-17 17:24:29.639  INFO 12268 --- [restartedMain] c.u.j.EncryptablePropertySourceConverter : Converting PropertySource configurationProperties [org.springframework.boot.context.properties.source.ConfigurationPropertySourcesPropertySource] to AOP Proxy
2022-01-17 17:24:29.641  INFO 12268 --- [restartedMain] c.u.j.EncryptablePropertySourceConverter : Converting PropertySource servletConfigInitParams [org.springframework.core.env.PropertySource$StubPropertySource] to EncryptablePropertySourceWrapper
2022-01-17 17:24:29.641  INFO 12268 --- [restartedMain] c.u.j.EncryptablePropertySourceConverter : Converting PropertySource servletContextInitParams [org.springframework.core.env.PropertySource$StubPropertySource] to EncryptablePropertySourceWrapper
2022-01-17 17:24:29.641  INFO 12268 --- [restartedMain] c.u.j.EncryptablePropertySourceConverter : Converting PropertySource systemProperties [org.springframework.core.env.PropertiesPropertySource] to EncryptableMapPropertySourceWrapper
2022-01-17 17:24:29.641  INFO 12268 --- [restartedMain] c.u.j.EncryptablePropertySourceConverter : Converting PropertySource systemEnvironment [org.springframework.boot.env.SystemEnvironmentPropertySourceEnvironmentPostProcessor$OriginAwareSystemEnvironmentPropertySource] to EncryptableMapPropertySourceWrapper
2022-01-17 17:24:29.641  INFO 12268 --- [restartedMain] c.u.j.EncryptablePropertySourceConverter : Converting PropertySource random [org.springframework.boot.env.RandomValuePropertySource] to EncryptablePropertySourceWrapper
2022-01-17 17:24:29.641  INFO 12268 --- [restartedMain] c.u.j.EncryptablePropertySourceConverter : Converting PropertySource applicationConfig: [classpath:/application.properties] [org.springframework.boot.env.OriginTrackedMapPropertySource] to EncryptableMapPropertySourceWrapper
2022-01-17 17:24:29.642  INFO 12268 --- [restartedMain] c.u.j.EncryptablePropertySourceConverter : Converting PropertySource devtools [org.springframework.core.env.MapPropertySource] to EncryptableMapPropertySourceWrapper
2022-01-17 17:24:29.835  INFO 12268 --- [restartedMain] c.u.j.r.DefaultLazyPropertyResolver      : Property Resolver custom Bean not found with name 'encryptablePropertyResolver'. Initializing Default Property Resolver
2022-01-17 17:24:29.836  INFO 12268 --- [restartedMain] c.u.j.d.DefaultLazyPropertyDetector      : Property Detector custom Bean not found with name 'encryptablePropertyDetector'. Initializing Default Property Detector
2022-01-17 17:24:30.223  INFO 12268 --- [restartedMain] o.s.b.w.embedded.tomcat.TomcatWebServer  : Tomcat initialized with port(s): 10015 (http)
2022-01-17 17:24:30.232  INFO 12268 --- [restartedMain] o.apache.catalina.core.StandardService   : Starting service [Tomcat]
2022-01-17 17:24:30.232  INFO 12268 --- [restartedMain] org.apache.catalina.core.StandardEngine  : Starting Servlet engine: [Apache Tomcat/9.0.31]
2022-01-17 17:24:30.385  INFO 12268 --- [restartedMain] o.a.c.c.C.[Tomcat].[localhost].[/]       : Initializing Spring embedded WebApplicationContext
2022-01-17 17:24:30.386  INFO 12268 --- [restartedMain] o.s.web.context.ContextLoader            : Root WebApplicationContext: initialization completed in 2548 ms
2022-01-17 17:24:30.551  WARN 12268 --- [restartedMain] c.a.druid.pool.DruidAbstractDataSource   : oracle.jdbc.driver.OracleDriver is deprecated.Having use oracle.jdbc.OracleDriver.
2022-01-17 17:24:30.718  INFO 12268 --- [restartedMain] o.s.s.concurrent.ThreadPoolTaskExecutor  : Initializing ExecutorService 'applicationTaskExecutor'
2022-01-17 17:24:31.210  INFO 12268 --- [restartedMain] o.s.b.d.a.OptionalLiveReloadServer       : LiveReload server is running on port 35729
2022-01-17 17:24:31.262  INFO 12268 --- [restartedMain] o.s.b.w.embedded.tomcat.TomcatWebServer  : Tomcat started on port(s): 10015 (http) with context path ''
2022-01-17 17:24:31.277  INFO 12268 --- [restartedMain] com.bean.search.Startup                  : Started Startup in 4.055 seconds (JVM running for 5.477)
2022-01-17 17:24:50.272  INFO 12268 --- [SpringContextShutdownHook] o.s.s.concurrent.ThreadPoolTaskExecutor  : Shutting down ExecutorService 'applicationTaskExecutor'
2022-01-17 17:24:50.273  INFO 12268 --- [SpringContextShutdownHook] com.alibaba.druid.pool.DruidDataSource   : {dataSource-0} closing ...
2022-01-17 17:24:53.990  INFO 10020 --- [restartedMain] com.bean.search.Startup                  : Starting Startup on Ao-201906271054 with PID 10020 (G:\bean-Search-Util\target\classes started by V in G:\bean-Search-Util)
2022-01-17 17:24:53.993  INFO 10020 --- [restartedMain] com.bean.search.Startup                  : No active profile set, falling back to default profiles: default
2022-01-17 17:24:54.050  INFO 10020 --- [restartedMain] .e.DevToolsPropertyDefaultsPostProcessor : Devtools property defaults active! Set 'spring.devtools.add-properties' to 'false' to disable
2022-01-17 17:24:54.050  INFO 10020 --- [restartedMain] .e.DevToolsPropertyDefaultsPostProcessor : For additional web related logging consider setting the 'logging.level.web' property to 'DEBUG'
2022-01-17 17:24:54.569  WARN 10020 --- [restartedMain] o.m.s.mapper.ClassPathMapperScanner      : No MyBatis mapper was found in '[com.bosssoft.data.analysis.dao]' package. Please check your configuration.
2022-01-17 17:24:54.747  WARN 10020 --- [restartedMain] o.m.s.mapper.ClassPathMapperScanner      : No MyBatis mapper was found in '[com.bean.search]' package. Please check your configuration.
2022-01-17 17:24:54.969  INFO 10020 --- [restartedMain] ptablePropertiesBeanFactoryPostProcessor : Post-processing PropertySource instances
2022-01-17 17:24:55.010  INFO 10020 --- [restartedMain] c.u.j.EncryptablePropertySourceConverter : Converting PropertySource configurationProperties [org.springframework.boot.context.properties.source.ConfigurationPropertySourcesPropertySource] to AOP Proxy
2022-01-17 17:24:55.011  INFO 10020 --- [restartedMain] c.u.j.EncryptablePropertySourceConverter : Converting PropertySource servletConfigInitParams [org.springframework.core.env.PropertySource$StubPropertySource] to EncryptablePropertySourceWrapper
2022-01-17 17:24:55.012  INFO 10020 --- [restartedMain] c.u.j.EncryptablePropertySourceConverter : Converting PropertySource servletContextInitParams [org.springframework.core.env.PropertySource$StubPropertySource] to EncryptablePropertySourceWrapper
2022-01-17 17:24:55.012  INFO 10020 --- [restartedMain] c.u.j.EncryptablePropertySourceConverter : Converting PropertySource systemProperties [org.springframework.core.env.PropertiesPropertySource] to EncryptableMapPropertySourceWrapper
2022-01-17 17:24:55.012  INFO 10020 --- [restartedMain] c.u.j.EncryptablePropertySourceConverter : Converting PropertySource systemEnvironment [org.springframework.boot.env.SystemEnvironmentPropertySourceEnvironmentPostProcessor$OriginAwareSystemEnvironmentPropertySource] to EncryptableMapPropertySourceWrapper
2022-01-17 17:24:55.012  INFO 10020 --- [restartedMain] c.u.j.EncryptablePropertySourceConverter : Converting PropertySource random [org.springframework.boot.env.RandomValuePropertySource] to EncryptablePropertySourceWrapper
2022-01-17 17:24:55.012  INFO 10020 --- [restartedMain] c.u.j.EncryptablePropertySourceConverter : Converting PropertySource applicationConfig: [classpath:/application.properties] [org.springframework.boot.env.OriginTrackedMapPropertySource] to EncryptableMapPropertySourceWrapper
2022-01-17 17:24:55.012  INFO 10020 --- [restartedMain] c.u.j.EncryptablePropertySourceConverter : Converting PropertySource devtools [org.springframework.core.env.MapPropertySource] to EncryptableMapPropertySourceWrapper
2022-01-17 17:24:55.142  INFO 10020 --- [restartedMain] c.u.j.r.DefaultLazyPropertyResolver      : Property Resolver custom Bean not found with name 'encryptablePropertyResolver'. Initializing Default Property Resolver
2022-01-17 17:24:55.143  INFO 10020 --- [restartedMain] c.u.j.d.DefaultLazyPropertyDetector      : Property Detector custom Bean not found with name 'encryptablePropertyDetector'. Initializing Default Property Detector
2022-01-17 17:24:55.382  INFO 10020 --- [restartedMain] o.s.b.w.embedded.tomcat.TomcatWebServer  : Tomcat initialized with port(s): 10015 (http)
2022-01-17 17:24:55.391  INFO 10020 --- [restartedMain] o.apache.catalina.core.StandardService   : Starting service [Tomcat]
2022-01-17 17:24:55.391  INFO 10020 --- [restartedMain] org.apache.catalina.core.StandardEngine  : Starting Servlet engine: [Apache Tomcat/9.0.31]
2022-01-17 17:24:55.504  INFO 10020 --- [restartedMain] o.a.c.c.C.[Tomcat].[localhost].[/]       : Initializing Spring embedded WebApplicationContext
2022-01-17 17:24:55.505  INFO 10020 --- [restartedMain] o.s.web.context.ContextLoader            : Root WebApplicationContext: initialization completed in 1455 ms
2022-01-17 17:24:55.609  WARN 10020 --- [restartedMain] c.a.druid.pool.DruidAbstractDataSource   : oracle.jdbc.driver.OracleDriver is deprecated.Having use oracle.jdbc.OracleDriver.
2022-01-17 17:24:55.759  INFO 10020 --- [restartedMain] o.s.s.concurrent.ThreadPoolTaskExecutor  : Initializing ExecutorService 'applicationTaskExecutor'
2022-01-17 17:24:56.124  INFO 10020 --- [restartedMain] o.s.b.d.a.OptionalLiveReloadServer       : LiveReload server is running on port 35729
2022-01-17 17:24:56.161  INFO 10020 --- [restartedMain] o.s.b.w.embedded.tomcat.TomcatWebServer  : Tomcat started on port(s): 10015 (http) with context path ''
2022-01-17 17:24:56.164  INFO 10020 --- [restartedMain] com.bean.search.Startup                  : Started Startup in 2.831 seconds (JVM running for 3.804)
2022-01-17 17:29:34.120  INFO 10020 --- [http-nio-10015-exec-1] o.a.c.c.C.[Tomcat].[localhost].[/]       : Initializing Spring DispatcherServlet 'dispatcherServlet'
2022-01-17 17:29:34.120  INFO 10020 --- [http-nio-10015-exec-1] o.s.web.servlet.DispatcherServlet        : Initializing Servlet 'dispatcherServlet'
2022-01-17 17:29:34.125  INFO 10020 --- [http-nio-10015-exec-1] o.s.web.servlet.DispatcherServlet        : Completed initialization in 5 ms
2022-01-17 17:47:05.216  INFO 10020 --- [http-nio-10015-exec-1] com.alibaba.druid.pool.DruidDataSource   : {dataSource-1} inited
